app/manifest-merger-release-report.txt
-- Merging decision tree log ---
manifest
ADDED from AndroidManifest.xml:2:1
	xmlns:android
		ADDED from AndroidManifest.xml:2:11
	package
		ADDED from AndroidManifest.xml:3:5
		INJECTED from AndroidManifest.xml:0:0
		INJECTED from AndroidManifest.xml:0:0
	android:versionName
		INJECTED from AndroidManifest.xml:0:0
		INJECTED from AndroidManifest.xml:0:0
	android:versionCode
		INJECTED from AndroidManifest.xml:0:0
		INJECTED from AndroidManifest.xml:0:0
	android:installLocation
		ADDED from AndroidManifest.xml:4:5
uses-permission#android.permission.WRITE_EXTERNAL_STORAGE
ADDED from AndroidManifest.xml:6:5
	android:name
		ADDED from AndroidManifest.xml:6:22
uses-permission#android.permission.WAKE_LOCK
ADDED from AndroidManifest.xml:7:5
	android:name
		ADDED from AndroidManifest.xml:7:22
uses-permission#android.permission.RECEIVE_BOOT_COMPLETED
ADDED from AndroidManifest.xml:8:5
	android:name
		ADDED from AndroidManifest.xml:8:22
uses-feature#android.hardware.camera
ADDED from AndroidManifest.xml:10:5
	android:required
		ADDED from AndroidManifest.xml:12:9
	android:name
		ADDED from AndroidManifest.xml:11:9
application
ADDED from AndroidManifest.xml:14:5
MERGED from com.android.support:appcompat-v7:22.1.1:22:5
MERGED from com.android.support:support-v4:22.1.1:22:5
MERGED from me.tatarka.support:jobscheduler:0.1.1:11:5
MERGED from com.android.support:support-v4:22.1.1:22:5
MERGED from com.android.support:support-v4:22.1.1:22:5
MERGED from com.android.support:support-v4:22.1.1:22:5
MERGED from com.afollestad:material-dialogs:0.7.4.1:12:5
MERGED from com.android.support:support-v4:22.1.1:22:5
MERGED from com.android.support:appcompat-v7:22.1.1:22:5
MERGED from com.android.support:support-v4:22.1.1:22:5
MERGED from com.android.support:recyclerview-v7:22.1.1:22:5
MERGED from com.android.support:support-v4:22.1.1:22:5
MERGED from com.github.navasmdc:MaterialDesign:1.4:11:5
	android:label
		ADDED from AndroidManifest.xml:17:9
	android:allowBackup
		ADDED from AndroidManifest.xml:15:9
	android:icon
		ADDED from AndroidManifest.xml:16:9
	android:theme
		ADDED from AndroidManifest.xml:18:9
activity#fergaral.datetophoto.activities.MyActivity
ADDED from AndroidManifest.xml:19:9
	android:label
		ADDED from AndroidManifest.xml:21:13
	android:name
		ADDED from AndroidManifest.xml:20:13
intent-filter#android.intent.action.MAIN+android.intent.category.LAUNCHER
ADDED from AndroidManifest.xml:22:13
action#android.intent.action.MAIN
ADDED from AndroidManifest.xml:23:17
	android:name
		ADDED from AndroidManifest.xml:23:25
category#android.intent.category.LAUNCHER
ADDED from AndroidManifest.xml:24:17
	android:name
		ADDED from AndroidManifest.xml:24:27
intent-filter#android.intent.action.SEND+android.intent.category.DEFAULT
ADDED from AndroidManifest.xml:26:13
action#android.intent.action.SEND
ADDED from AndroidManifest.xml:27:17
	android:name
		ADDED from AndroidManifest.xml:27:25
category#android.intent.category.DEFAULT
ADDED from AndroidManifest.xml:28:17
	android:name
		ADDED from AndroidManifest.xml:28:27
data
ADDED from AndroidManifest.xml:29:17
	android:mimeType
		ADDED from AndroidManifest.xml:29:23
intent-filter#android.intent.action.SEND_MULTIPLE+android.intent.category.DEFAULT
ADDED from AndroidManifest.xml:31:13
action#android.intent.action.SEND_MULTIPLE
ADDED from AndroidManifest.xml:32:17
	android:name
		ADDED from AndroidManifest.xml:32:25
receiver#fergaral.datetophoto.receivers.PowerConnectionReceiver
ADDED from AndroidManifest.xml:38:9
	android:enabled
		ADDED from AndroidManifest.xml:40:13
	android:permission
		ADDED from AndroidManifest.xml:41:13
	android:name
		ADDED from AndroidManifest.xml:39:13
intent-filter#android.intent.action.ACTION_POWER_CONNECTED+android.intent.action.BOOT_COMPLETED+android.intent.action.QUICKBOOT_POWERON
ADDED from AndroidManifest.xml:42:13
action#android.intent.action.BOOT_COMPLETED
ADDED from AndroidManifest.xml:43:17
	android:name
		ADDED from AndroidManifest.xml:43:25
action#android.intent.action.QUICKBOOT_POWERON
ADDED from AndroidManifest.xml:44:17
	android:name
		ADDED from AndroidManifest.xml:44:25
action#android.intent.action.ACTION_POWER_CONNECTED
ADDED from AndroidManifest.xml:45:17
	android:name
		ADDED from AndroidManifest.xml:45:25
service#fergaral.datetophoto.services.ProcessPhotosService
ADDED from AndroidManifest.xml:61:9
	android:exported
		ADDED from AndroidManifest.xml:63:13
	android:name
		ADDED from AndroidManifest.xml:62:13
service#fergaral.datetophoto.services.ProcessPhotosURIService
ADDED from AndroidManifest.xml:66:9
	android:exported
		ADDED from AndroidManifest.xml:68:13
	android:name
		ADDED from AndroidManifest.xml:67:13
service#fergaral.datetophoto.services.ProcessPhotosJobService
ADDED from AndroidManifest.xml:70:9
	android:exported
		ADDED from AndroidManifest.xml:72:13
	android:permission
		ADDED from AndroidManifest.xml:73:13
	android:name
		ADDED from AndroidManifest.xml:71:13
activity#fergaral.datetophoto.activities.SettingsActivity
ADDED from AndroidManifest.xml:75:9
	android:label
		ADDED from AndroidManifest.xml:77:13
	android:parentActivityName
		ADDED from AndroidManifest.xml:78:13
	android:name
		ADDED from AndroidManifest.xml:76:13
meta-data#android.support.PARENT_ACTIVITY
ADDED from AndroidManifest.xml:79:13
	android:name
		ADDED from AndroidManifest.xml:80:17
	android:value
		ADDED from AndroidManifest.xml:81:17
activity#fergaral.datetophoto.activities.AboutActivity
ADDED from AndroidManifest.xml:83:9
	android:label
		ADDED from AndroidManifest.xml:85:13
	android:parentActivityName
		ADDED from AndroidManifest.xml:86:13
	android:name
		ADDED from AndroidManifest.xml:84:13
activity#fergaral.datetophoto.activities.PhotosActivity
ADDED from AndroidManifest.xml:91:9
	android:label
		ADDED from AndroidManifest.xml:93:13
	android:parentActivityName
		ADDED from AndroidManifest.xml:94:13
	android:name
		ADDED from AndroidManifest.xml:92:13
activity#fergaral.datetophoto.activities.DiskSpaceUsageActivity
ADDED from AndroidManifest.xml:99:9
	android:label
		ADDED from AndroidManifest.xml:101:13
	android:parentActivityName
		ADDED from AndroidManifest.xml:102:13
	android:name
		ADDED from AndroidManifest.xml:100:13
uses-sdk
INJECTED from AndroidManifest.xml:0:0 reason: use-sdk injection requested
MERGED from com.android.support:appcompat-v7:22.1.1:20:5
MERGED from com.android.support:support-v4:22.1.1:20:5
MERGED from me.tatarka.support:jobscheduler:0.1.1:7:5
MERGED from com.android.support:support-v4:22.1.1:20:5
MERGED from com.android.support:support-v4:22.1.1:20:5
MERGED from com.github.machinarius:preferencefragment:0.1.1:18:5
MERGED from com.android.support:support-v4:22.1.1:20:5
MERGED from com.github.shell-software:fab:1.0.5:25:5
MERGED from com.github.lecho:hellocharts-library:1.5.3:7:5
MERGED from com.afollestad:material-dialogs:0.7.4.1:8:5
MERGED from com.android.support:support-v4:22.1.1:20:5
MERGED from com.android.support:appcompat-v7:22.1.1:20:5
MERGED from com.android.support:support-v4:22.1.1:20:5
MERGED from com.android.support:recyclerview-v7:22.1.1:20:5
MERGED from com.android.support:support-v4:22.1.1:20:5
MERGED from com.github.navasmdc:MaterialDesign:1.4:7:5
	android:targetSdkVersion
		INJECTED from AndroidManifest.xml:0:0
		INJECTED from AndroidManifest.xml:0:0
	android:minSdkVersion
		INJECTED from AndroidManifest.xml:0:0
		INJECTED from AndroidManifest.xml:0:0
service#me.tatarka.support.internal.job.JobServiceCompat
ADDED from me.tatarka.support:jobscheduler:0.1.1:12:9
	android:name
		ADDED from me.tatarka.support:jobscheduler:0.1.1:12:18
service#me.tatarka.support.internal.job.JobSchedulerService
ADDED from me.tatarka.support:jobscheduler:0.1.1:13:9
	android:name
		ADDED from me.tatarka.support:jobscheduler:0.1.1:13:18
receiver#me.tatarka.support.internal.receivers.NetworkReceiver
ADDED from me.tatarka.support:jobscheduler:0.1.1:15:9
	android:enabled
		ADDED from me.tatarka.support:jobscheduler:0.1.1:17:13
	android:name
		ADDED from me.tatarka.support:jobscheduler:0.1.1:16:13
intent-filter#android.net.conn.CONNECTIVITY_CHANGE
ADDED from me.tatarka.support:jobscheduler:0.1.1:18:13
action#android.net.conn.CONNECTIVITY_CHANGE
ADDED from me.tatarka.support:jobscheduler:0.1.1:19:17
	android:name
		ADDED from me.tatarka.support:jobscheduler:0.1.1:19:25
receiver#me.tatarka.support.internal.receivers.PowerReceiver
ADDED from me.tatarka.support:jobscheduler:0.1.1:22:9
	android:enabled
		ADDED from me.tatarka.support:jobscheduler:0.1.1:24:13
	android:name
		ADDED from me.tatarka.support:jobscheduler:0.1.1:23:13
intent-filter#android.intent.action.ACTION_BATTERY_LOW+android.intent.action.ACTION_BATTERY_OKAY+android.intent.action.ACTION_POWER_CONNECTED+android.intent.action.ACTION_POWER_DISCONNECTED+me.tatarka.support.server.job.controllers.PowerReceiver.ACTION_CHARGING_STABLE
ADDED from me.tatarka.support:jobscheduler:0.1.1:25:13
action#android.intent.action.ACTION_BATTERY_LOW
ADDED from me.tatarka.support:jobscheduler:0.1.1:26:17
	android:name
		ADDED from me.tatarka.support:jobscheduler:0.1.1:26:25
action#android.intent.action.ACTION_BATTERY_OKAY
ADDED from me.tatarka.support:jobscheduler:0.1.1:27:17
	android:name
		ADDED from me.tatarka.support:jobscheduler:0.1.1:27:25
action#android.intent.action.ACTION_POWER_DISCONNECTED
ADDED from me.tatarka.support:jobscheduler:0.1.1:29:17
	android:name
		ADDED from me.tatarka.support:jobscheduler:0.1.1:29:25
action#me.tatarka.support.server.job.controllers.PowerReceiver.ACTION_CHARGING_STABLE
ADDED from me.tatarka.support:jobscheduler:0.1.1:30:17
	android:name
		ADDED from me.tatarka.support:jobscheduler:0.1.1:30:25
receiver#me.tatarka.support.internal.receivers.BootReceiver
ADDED from me.tatarka.support:jobscheduler:0.1.1:33:9
	android:enabled
		ADDED from me.tatarka.support:jobscheduler:0.1.1:35:13
	android:name
		ADDED from me.tatarka.support:jobscheduler:0.1.1:34:13
intent-filter#android.intent.action.BOOT_COMPLETED
ADDED from me.tatarka.support:jobscheduler:0.1.1:36:13
receiver#me.tatarka.support.internal.receivers.IdleReceiver
ADDED from me.tatarka.support:jobscheduler:0.1.1:40:9
	android:name
		ADDED from me.tatarka.support:jobscheduler:0.1.1:40:19
intent-filter#android.intent.action.DREAMING_STARTED+android.intent.action.DREAMING_STOPPED+android.intent.action.SCREEN_OFF+android.intent.action.SCREEN_ON+me.tatarka.support.server.job.controllers.IdleReceiver.ACTION_TRIGGER_IDLE
ADDED from me.tatarka.support:jobscheduler:0.1.1:41:13
action#android.intent.action.SCREEN_ON
ADDED from me.tatarka.support:jobscheduler:0.1.1:42:17
	android:name
		ADDED from me.tatarka.support:jobscheduler:0.1.1:42:25
action#android.intent.action.SCREEN_OFF
ADDED from me.tatarka.support:jobscheduler:0.1.1:43:17
	android:name
		ADDED from me.tatarka.support:jobscheduler:0.1.1:43:25
action#android.intent.action.DREAMING_STARTED
ADDED from me.tatarka.support:jobscheduler:0.1.1:44:17
	android:name
		ADDED from me.tatarka.support:jobscheduler:0.1.1:44:25
action#android.intent.action.DREAMING_STOPPED
ADDED from me.tatarka.support:jobscheduler:0.1.1:45:17
	android:name
		ADDED from me.tatarka.support:jobscheduler:0.1.1:45:25
action#me.tatarka.support.server.job.controllers.IdleReceiver.ACTION_TRIGGER_IDLE
ADDED from me.tatarka.support:jobscheduler:0.1.1:46:17
	android:name
		ADDED from me.tatarka.support:jobscheduler:0.1.1:46:25
receiver#me.tatarka.support.internal.receivers.TimeReceiver
ADDED from me.tatarka.support:jobscheduler:0.1.1:49:9
	android:exported
		ADDED from me.tatarka.support:jobscheduler:0.1.1:51:13
	android:name
		ADDED from me.tatarka.support:jobscheduler:0.1.1:50:13
intent-filter#me.tatarka.support.jobscheduler.JOB_DEADLINE_EXPIRED+me.tatarka.support.jobscheduler.JOB_DELAY_EXPIRED
ADDED from me.tatarka.support:jobscheduler:0.1.1:52:13
action#me.tatarka.support.jobscheduler.JOB_DEADLINE_EXPIRED
ADDED from me.tatarka.support:jobscheduler:0.1.1:53:17
	android:name
		ADDED from me.tatarka.support:jobscheduler:0.1.1:53:25
action#me.tatarka.support.jobscheduler.JOB_DELAY_EXPIRED
ADDED from me.tatarka.support:jobscheduler:0.1.1:54:17
	android:name
		ADDED from me.tatarka.support:jobscheduler:0.1.1:54:25
activity#android.support.v7.widget.TestActivity
ADDED from com.android.support:recyclerview-v7:22.1.1:23:9
	android:label
		ADDED from com.android.support:recyclerview-v7:22.1.1:25:13
	android:name
		ADDED from com.android.support:recyclerview-v7:22.1.1:24:13